<?xml version="1.0" encoding="UTF-8"?>
<!-- Generated by org.testng.reporters.JUnitReportReporter -->
<testsuite skipped="0" hostname="minds" name="lati" tests="1" failures="0" timestamp="14 Feb 2019 06:18:08 GMT" time="58.504" errors="0">
  <testcase name="main" time="58.504" classname="lati"/>
</testsuite> <!-- lati -->
