<?xml version="1.0" encoding="UTF-8"?>
<!-- Generated by org.testng.reporters.JUnitReportReporter -->
<testsuite skipped="0" hostname="minds" name="Verify_Tool_Tip" tests="1" failures="0" timestamp="05 Mar 2019 09:17:29 GMT" time="11.144" errors="0">
  <testcase name="testTooltip" time="11.144" classname="Verify_Tool_Tip"/>
</testsuite> <!-- Verify_Tool_Tip -->
